Removed Pin From Net: NetName=S1 Pin=5kR1-1
Removed Pin From Net: NetName=S2 Pin=5kR2-1
Removed Pin From Net: NetName=S4 Pin=5kR4-1
Removed Pin From Net: NetName=S5 Pin=5kR5-1
Removed Pin From Net: NetName=S1 Pin=S1-1
Removed Pin From Net: NetName=S2 Pin=S2-1
Removed Pin From Net: NetName=S4 Pin=S4-1
Removed Pin From Net: NetName=S5 Pin=S5-1
Change Component Designator: OldDesignator= NewDesignator=NE1
Change Component Designator: OldDesignator= NewDesignator=NE2
Added Pin To Net: NetName=S5 Pin=5kR1-1
Added Pin To Net: NetName=S4 Pin=5kR2-1
Added Pin To Net: NetName=S2 Pin=5kR4-1
Added Pin To Net: NetName=S1 Pin=5kR5-1
Added Pin To Net: NetName=S5 Pin=S1-1
Added Pin To Net: NetName=S4 Pin=S2-1
Added Pin To Net: NetName=S2 Pin=S4-1
Added Pin To Net: NetName=S1 Pin=S5-1
Add Class Member: Failed to add class member : Component H? áp MP1584EN
Add Class Member: Failed to add class member : Component LEFT Encoder
Added Member To Class: ClassName=Sheet2 Member=Component NE1 N20E
Added Member To Class: ClassName=Sheet2 Member=Component NE2 N20E
Add Class Member: Failed to add class member : Component Pin
Add Class Member: Failed to add class member : Component RFID? RFID2
Add Class Member: Failed to add class member : Component RIGHT Encoder
