Removed Pin From Net: NetName=3V3 Pin=ESP32-1
Removed Pin From Net: NetName=GPIO4 Pin=ESP32-5
Removed Pin From Net: NetName=GPIO16 Pin=ESP32-6
Removed Pin From Net: NetName=GPIO17 Pin=ESP32-7
Removed Pin From Net: NetName=GPIO5 Pin=ESP32-8
Removed Pin From Net: NetName=GPIO18 Pin=ESP32-9
Removed Pin From Net: NetName=GPIO19 Pin=ESP32-10
Removed Pin From Net: NetName=GPIO21 Pin=ESP32-11
Removed Pin From Net: NetName=GPIO22 Pin=ESP32-14
Removed Pin From Net: NetName=GPIO23 Pin=ESP32-15
Removed Pin From Net: NetName=VCC Pin=ESP32-16
Removed Pin From Net: NetName=GND Pin=ESP32-17
Removed Pin From Net: NetName=GPIO13 Pin=ESP32-18
Removed Pin From Net: NetName=GPIO12 Pin=ESP32-19
Removed Pin From Net: NetName=GPIO14 Pin=ESP32-20
Removed Pin From Net: NetName=GPIO27 Pin=ESP32-21
Removed Pin From Net: NetName=GPIO26 Pin=ESP32-22
Removed Pin From Net: NetName=GPIO25 Pin=ESP32-23
Removed Pin From Net: NetName=GPIO33 Pin=ESP32-24
Removed Pin From Net: NetName=S1 Pin=ESP32-25
Removed Pin From Net: NetName=S2 Pin=ESP32-26
Removed Pin From Net: NetName=S3 Pin=ESP32-27
Removed Pin From Net: NetName=S4 Pin=ESP32-28
Removed Pin From Net: NetName=S5 Pin=ESP32-29
Removed Member From Class: ClassName=Sheet2 Member=ESP32
Change Component Designator: OldDesignator= NewDesignator=Pin
Added Component: Designator=*(ESP32 30)
Added Pin To Net: NetName=3V3 Pin=*-1
Added Pin To Net: NetName=GPIO4 Pin=*-5
Added Pin To Net: NetName=GPIO16 Pin=*-6
Added Pin To Net: NetName=GPIO17 Pin=*-7
Added Pin To Net: NetName=GPIO5 Pin=*-8
Added Pin To Net: NetName=GPIO18 Pin=*-9
Added Pin To Net: NetName=GPIO19 Pin=*-10
Added Pin To Net: NetName=GPIO21 Pin=*-11
Added Pin To Net: NetName=GPIO22 Pin=*-14
Added Pin To Net: NetName=GPIO23 Pin=*-15
Added Pin To Net: NetName=VCC Pin=*-16
Added Pin To Net: NetName=GND Pin=*-17
Added Pin To Net: NetName=GPIO13 Pin=*-18
Added Pin To Net: NetName=GPIO12 Pin=*-19
Added Pin To Net: NetName=GPIO14 Pin=*-20
Added Pin To Net: NetName=GPIO27 Pin=*-21
Added Pin To Net: NetName=GPIO26 Pin=*-22
Added Pin To Net: NetName=GPIO25 Pin=*-23
Added Pin To Net: NetName=GPIO33 Pin=*-24
Added Pin To Net: NetName=S1 Pin=*-25
Added Pin To Net: NetName=S2 Pin=*-26
Added Pin To Net: NetName=S3 Pin=*-27
Added Pin To Net: NetName=S4 Pin=*-28
Added Pin To Net: NetName=S5 Pin=*-29
Added Member To Class: ClassName=Sheet2 Member=Component * ESP32 30
Added Member To Class: ClassName=Sheet2 Member=Component 300R4 300R
Add Class Member: Failed to add class member : Component H? áp MP1584EN
Add Class Member: Failed to add class member : Component LEFT Encoder
Add Class Member: Failed to add class member : Component NE1 N20E
Add Class Member: Failed to add class member : Component NE2 N20E
Added Member To Class: ClassName=Sheet2 Member=Component Pin
Add Class Member: Failed to add class member : Component RFID? RFID2
Add Class Member: Failed to add class member : Component RIGHT Encoder
Added Member To Class: ClassName=Sheet2 Member=Component  Switch
